<?xml version="1.0" encoding="UTF-8"?>
<!-- Generated by org.testng.reporters.JUnitReportReporter -->
<testsuite hostname="TYSS-Nandini" failures="0" tests="1" name="practice.ExtentReports" time="0.013" errors="0" timestamp="12 Jul 2024 05:36:43 GMT" skipped="0">
  <testcase classname="practice.ExtentReports" name="homepage" time="0.013"/>
</testsuite> <!-- practice.ExtentReports -->
