<?xml version="1.0" encoding="UTF-8"?>
<!-- Generated by org.testng.reporters.JUnitReportReporter -->
<testsuite hostname="TYSS-Nandini" failures="0" tests="2" name="practice.sampleforScreenshot" time="7.766" errors="0" timestamp="12 Jul 2024 06:31:21 GMT" skipped="0">
  <testcase classname="practice.sampleforScreenshot" name="FlipkartTest" time="3.900"/>
  <testcase classname="practice.sampleforScreenshot" name="amazonTest" time="3.866"/>
</testsuite> <!-- practice.sampleforScreenshot -->
