<?xml version="1.0" encoding="UTF-8"?>
<!-- Generated by org.testng.reporters.JUnitReportReporter -->
<testsuite hostname="TYSS-Nandini" failures="0" tests="1" name="orgTest.DeleteOrgTest" time="15.449" errors="0" timestamp="03 Jul 2024 12:48:38 GMT" skipped="0">
  <testcase classname="orgTest.DeleteOrgTest" name="deleteOrg" time="15.449"/>
</testsuite> <!-- orgTest.DeleteOrgTest -->
